<?xml version="1.0" encoding="UTF-8"?>
<robot generator="Robot 3.1.2 (Python 3.7.1 on win32)" generated="20200123 21:42:52.939" rpa="false">
<suite id="s1" name="Demo" source="C:\development\robot-scripts\DemoTests\tests\Demo.robot">
<test id="s1-t1" name="Should be able to access &quot;main&quot; page">
<kw name="Begin Web Test" library="Common" type="setup">
<kw name="Open Browser" library="SeleniumLibrary">
<doc>Opens a new browser instance to the given ``url``.</doc>
<arguments>
<arg>about:blank</arg>
<arg>${BROWSER}</arg>
</arguments>
<msg timestamp="20200123 21:42:53.528" level="INFO">Opening browser 'Chrome' to base url 'about:blank'.</msg>
<status status="PASS" starttime="20200123 21:42:53.528" endtime="20200123 21:42:56.270"></status>
</kw>
<kw name="Maximize Browser Window" library="SeleniumLibrary">
<doc>Maximizes current browser window.</doc>
<status status="PASS" starttime="20200123 21:42:56.270" endtime="20200123 21:42:57.422"></status>
</kw>
<status status="PASS" starttime="20200123 21:42:53.527" endtime="20200123 21:42:57.423"></status>
</kw>
<kw name="Go to LandingPage" library="DemoApp">
<kw name="Navigate to" library="LandingPage">
<kw name="Go To" library="SeleniumLibrary">
<doc>Navigates the active browser instance to the provided ``url``.</doc>
<arguments>
<arg>${URL}</arg>
</arguments>
<msg timestamp="20200123 21:42:57.426" level="INFO">Opening url 'http://localhost:8080/'</msg>
<status status="PASS" starttime="20200123 21:42:57.426" endtime="20200123 21:42:58.183"></status>
</kw>
<status status="PASS" starttime="20200123 21:42:57.426" endtime="20200123 21:42:58.183"></status>
</kw>
<kw name="Verify Page loaded" library="LandingPage">
<kw name="Wait Until Page Contains Element" library="SeleniumLibrary">
<doc>Waits until element ``locator`` appears on current page.</doc>
<arguments>
<arg>${LANDINGPAGE_DEMOLINK}</arg>
</arguments>
<status status="PASS" starttime="20200123 21:42:58.184" endtime="20200123 21:42:58.233"></status>
</kw>
<status status="PASS" starttime="20200123 21:42:58.184" endtime="20200123 21:42:58.233"></status>
</kw>
<status status="PASS" starttime="20200123 21:42:57.425" endtime="20200123 21:42:58.234"></status>
</kw>
<kw name="Sleep" library="BuiltIn">
<doc>Pauses the test executed for the given time.</doc>
<arguments>
<arg>2s</arg>
</arguments>
<msg timestamp="20200123 21:43:00.237" level="INFO">Slept 2 seconds</msg>
<status status="PASS" starttime="20200123 21:42:58.236" endtime="20200123 21:43:00.237"></status>
</kw>
<kw name="End Web Test" library="Common" type="teardown">
<kw name="Close All Browsers" library="SeleniumLibrary">
<doc>Closes all open browsers and resets the browser cache.</doc>
<status status="PASS" starttime="20200123 21:43:00.239" endtime="20200123 21:43:03.196"></status>
</kw>
<status status="PASS" starttime="20200123 21:43:00.238" endtime="20200123 21:43:03.196"></status>
</kw>
<doc>testing to go to main page</doc>
<tags>
<tag>Test1</tag>
</tags>
<status status="PASS" starttime="20200123 21:42:53.526" endtime="20200123 21:43:03.197" critical="yes"></status>
</test>
<test id="s1-t2" name="&quot;Register&quot; page should match requirements">
<kw name="Begin Web Test" library="Common" type="setup">
<kw name="Open Browser" library="SeleniumLibrary">
<doc>Opens a new browser instance to the given ``url``.</doc>
<arguments>
<arg>about:blank</arg>
<arg>${BROWSER}</arg>
</arguments>
<msg timestamp="20200123 21:43:03.202" level="INFO">Opening browser 'Chrome' to base url 'about:blank'.</msg>
<status status="PASS" starttime="20200123 21:43:03.202" endtime="20200123 21:43:05.769"></status>
</kw>
<kw name="Maximize Browser Window" library="SeleniumLibrary">
<doc>Maximizes current browser window.</doc>
<status status="PASS" starttime="20200123 21:43:05.770" endtime="20200123 21:43:06.900"></status>
</kw>
<status status="PASS" starttime="20200123 21:43:03.201" endtime="20200123 21:43:06.900"></status>
</kw>
<kw name="Go to LandingPage" library="DemoApp">
<kw name="Navigate to" library="LandingPage">
<kw name="Go To" library="SeleniumLibrary">
<doc>Navigates the active browser instance to the provided ``url``.</doc>
<arguments>
<arg>${URL}</arg>
</arguments>
<msg timestamp="20200123 21:43:06.902" level="INFO">Opening url 'http://localhost:8080/'</msg>
<status status="PASS" starttime="20200123 21:43:06.901" endtime="20200123 21:43:07.473"></status>
</kw>
<status status="PASS" starttime="20200123 21:43:06.901" endtime="20200123 21:43:07.473"></status>
</kw>
<kw name="Verify Page loaded" library="LandingPage">
<kw name="Wait Until Page Contains Element" library="SeleniumLibrary">
<doc>Waits until element ``locator`` appears on current page.</doc>
<arguments>
<arg>${LANDINGPAGE_DEMOLINK}</arg>
</arguments>
<status status="PASS" starttime="20200123 21:43:07.474" endtime="20200123 21:43:07.509"></status>
</kw>
<status status="PASS" starttime="20200123 21:43:07.473" endtime="20200123 21:43:07.510"></status>
</kw>
<status status="PASS" starttime="20200123 21:43:06.900" endtime="20200123 21:43:07.510"></status>
</kw>
<kw name="Go to Register Page" library="DemoApp">
<kw name="Select &quot;Register&quot; Page" library="Register">
<kw name="Wait Until Page Contains Element" library="SeleniumLibrary">
<doc>Waits until element ``locator`` appears on current page.</doc>
<arguments>
<arg>${REGISTER_LINK}</arg>
</arguments>
<status status="PASS" starttime="20200123 21:43:07.512" endtime="20200123 21:43:07.532"></status>
</kw>
<kw name="Click Element" library="SeleniumLibrary">
<doc>Click element identified by ``locator``.</doc>
<arguments>
<arg>${REGISTER_LINK}</arg>
</arguments>
<msg timestamp="20200123 21:43:07.533" level="INFO">Clicking element 'css=body &gt; nav &gt; ul &gt; li:nth-child(1) &gt; a'.</msg>
<status status="PASS" starttime="20200123 21:43:07.533" endtime="20200123 21:43:08.012"></status>
</kw>
<kw name="Sleep" library="BuiltIn">
<doc>Pauses the test executed for the given time.</doc>
<arguments>
<arg>3s</arg>
</arguments>
<msg timestamp="20200123 21:43:11.013" level="INFO">Slept 3 seconds</msg>
<status status="PASS" starttime="20200123 21:43:08.013" endtime="20200123 21:43:11.013"></status>
</kw>
<status status="PASS" starttime="20200123 21:43:07.511" endtime="20200123 21:43:11.013"></status>
</kw>
<kw name="Verify Page loaded" library="Register">
<kw name="Wait Until Page Contains Element" library="SeleniumLibrary">
<doc>Waits until element ``locator`` appears on current page.</doc>
<arguments>
<arg>${REGISTER_H1}</arg>
</arguments>
<status status="PASS" starttime="20200123 21:43:11.014" endtime="20200123 21:43:11.030"></status>
</kw>
<status status="PASS" starttime="20200123 21:43:11.013" endtime="20200123 21:43:11.030"></status>
</kw>
<status status="PASS" starttime="20200123 21:43:07.511" endtime="20200123 21:43:11.030"></status>
</kw>
<kw name="Validate RegisterPage" library="DemoApp">
<kw name="Validate Page Contents" library="Register">
<kw name="Element Text Should Be" library="SeleniumLibrary">
<doc>Verifies that element ``locator`` contains exact text ``expected``.</doc>
<arguments>
<arg>${REGISTER_H1}</arg>
<arg>Register</arg>
</arguments>
<msg timestamp="20200123 21:43:11.032" level="INFO">Verifying element 'css=body &gt; section &gt; header &gt; h1' contains exact text 'Register'.</msg>
<status status="PASS" starttime="20200123 21:43:11.031" endtime="20200123 21:43:11.062"></status>
</kw>
<status status="PASS" starttime="20200123 21:43:11.031" endtime="20200123 21:43:11.062"></status>
</kw>
<status status="PASS" starttime="20200123 21:43:11.031" endtime="20200123 21:43:11.062"></status>
</kw>
<kw name="Sleep" library="BuiltIn">
<doc>Pauses the test executed for the given time.</doc>
<arguments>
<arg>2s</arg>
</arguments>
<msg timestamp="20200123 21:43:13.064" level="INFO">Slept 2 seconds</msg>
<status status="PASS" starttime="20200123 21:43:11.063" endtime="20200123 21:43:13.064"></status>
</kw>
<kw name="End Web Test" library="Common" type="teardown">
<kw name="Close All Browsers" library="SeleniumLibrary">
<doc>Closes all open browsers and resets the browser cache.</doc>
<status status="PASS" starttime="20200123 21:43:13.065" endtime="20200123 21:43:15.402"></status>
</kw>
<status status="PASS" starttime="20200123 21:43:13.065" endtime="20200123 21:43:15.402"></status>
</kw>
<doc>testing that register page match rq</doc>
<tags>
<tag>Test2</tag>
</tags>
<status status="PASS" starttime="20200123 21:43:03.200" endtime="20200123 21:43:15.403" critical="yes"></status>
</test>
<test id="s1-t3" name="Should be able to register">
<kw name="Begin Web Test" library="Common" type="setup">
<kw name="Open Browser" library="SeleniumLibrary">
<doc>Opens a new browser instance to the given ``url``.</doc>
<arguments>
<arg>about:blank</arg>
<arg>${BROWSER}</arg>
</arguments>
<msg timestamp="20200123 21:43:15.407" level="INFO">Opening browser 'Chrome' to base url 'about:blank'.</msg>
<status status="PASS" starttime="20200123 21:43:15.407" endtime="20200123 21:43:17.979"></status>
</kw>
<kw name="Maximize Browser Window" library="SeleniumLibrary">
<doc>Maximizes current browser window.</doc>
<status status="PASS" starttime="20200123 21:43:17.980" endtime="20200123 21:43:19.111"></status>
</kw>
<status status="PASS" starttime="20200123 21:43:15.407" endtime="20200123 21:43:19.111"></status>
</kw>
<kw name="Go to LandingPage" library="DemoApp">
<kw name="Navigate to" library="LandingPage">
<kw name="Go To" library="SeleniumLibrary">
<doc>Navigates the active browser instance to the provided ``url``.</doc>
<arguments>
<arg>${URL}</arg>
</arguments>
<msg timestamp="20200123 21:43:19.113" level="INFO">Opening url 'http://localhost:8080/'</msg>
<status status="PASS" starttime="20200123 21:43:19.113" endtime="20200123 21:43:19.586"></status>
</kw>
<status status="PASS" starttime="20200123 21:43:19.112" endtime="20200123 21:43:19.587"></status>
</kw>
<kw name="Verify Page loaded" library="LandingPage">
<kw name="Wait Until Page Contains Element" library="SeleniumLibrary">
<doc>Waits until element ``locator`` appears on current page.</doc>
<arguments>
<arg>${LANDINGPAGE_DEMOLINK}</arg>
</arguments>
<status status="PASS" starttime="20200123 21:43:19.588" endtime="20200123 21:43:19.617"></status>
</kw>
<status status="PASS" starttime="20200123 21:43:19.587" endtime="20200123 21:43:19.617"></status>
</kw>
<status status="PASS" starttime="20200123 21:43:19.112" endtime="20200123 21:43:19.617"></status>
</kw>
<kw name="Go to Register Page" library="DemoApp">
<kw name="Select &quot;Register&quot; Page" library="Register">
<kw name="Wait Until Page Contains Element" library="SeleniumLibrary">
<doc>Waits until element ``locator`` appears on current page.</doc>
<arguments>
<arg>${REGISTER_LINK}</arg>
</arguments>
<status status="PASS" starttime="20200123 21:43:19.619" endtime="20200123 21:43:19.646"></status>
</kw>
<kw name="Click Element" library="SeleniumLibrary">
<doc>Click element identified by ``locator``.</doc>
<arguments>
<arg>${REGISTER_LINK}</arg>
</arguments>
<msg timestamp="20200123 21:43:19.647" level="INFO">Clicking element 'css=body &gt; nav &gt; ul &gt; li:nth-child(1) &gt; a'.</msg>
<status status="PASS" starttime="20200123 21:43:19.646" endtime="20200123 21:43:20.117"></status>
</kw>
<kw name="Sleep" library="BuiltIn">
<doc>Pauses the test executed for the given time.</doc>
<arguments>
<arg>3s</arg>
</arguments>
<msg timestamp="20200123 21:43:23.119" level="INFO">Slept 3 seconds</msg>
<status status="PASS" starttime="20200123 21:43:20.118" endtime="20200123 21:43:23.119"></status>
</kw>
<status status="PASS" starttime="20200123 21:43:19.619" endtime="20200123 21:43:23.119"></status>
</kw>
<kw name="Verify Page loaded" library="Register">
<kw name="Wait Until Page Contains Element" library="SeleniumLibrary">
<doc>Waits until element ``locator`` appears on current page.</doc>
<arguments>
<arg>${REGISTER_H1}</arg>
</arguments>
<status status="PASS" starttime="20200123 21:43:23.120" endtime="20200123 21:43:23.139"></status>
</kw>
<status status="PASS" starttime="20200123 21:43:23.119" endtime="20200123 21:43:23.139"></status>
</kw>
<status status="PASS" starttime="20200123 21:43:19.618" endtime="20200123 21:43:23.139"></status>
</kw>
<kw name="Input Text" library="SeleniumLibrary">
<doc>Types the given ``text`` into text field identified by ``locator``.</doc>
<arguments>
<arg>id=username</arg>
<arg>${USERNAME}</arg>
</arguments>
<msg timestamp="20200123 21:43:23.140" level="INFO">Typing text 'username' into text field 'id=username'.</msg>
<status status="PASS" starttime="20200123 21:43:23.140" endtime="20200123 21:43:23.299"></status>
</kw>
<kw name="Input Text" library="SeleniumLibrary">
<doc>Types the given ``text`` into text field identified by ``locator``.</doc>
<arguments>
<arg>id=password</arg>
<arg>${PASSWORD}</arg>
</arguments>
<msg timestamp="20200123 21:43:23.300" level="INFO">Typing text 'password' into text field 'id=password'.</msg>
<status status="PASS" starttime="20200123 21:43:23.299" endtime="20200123 21:43:23.435"></status>
</kw>
<kw name="Input Text" library="SeleniumLibrary">
<doc>Types the given ``text`` into text field identified by ``locator``.</doc>
<arguments>
<arg>id=firstname</arg>
<arg>${FIRST_NAME}</arg>
</arguments>
<msg timestamp="20200123 21:43:23.435" level="INFO">Typing text 'firstname' into text field 'id=firstname'.</msg>
<status status="PASS" starttime="20200123 21:43:23.435" endtime="20200123 21:43:23.577"></status>
</kw>
<kw name="Input Text" library="SeleniumLibrary">
<doc>Types the given ``text`` into text field identified by ``locator``.</doc>
<arguments>
<arg>id=lastname</arg>
<arg>${FAMILY_NAME}</arg>
</arguments>
<msg timestamp="20200123 21:43:23.578" level="INFO">Typing text 'familyname' into text field 'id=lastname'.</msg>
<status status="PASS" starttime="20200123 21:43:23.577" endtime="20200123 21:43:23.707"></status>
</kw>
<kw name="Input Text" library="SeleniumLibrary">
<doc>Types the given ``text`` into text field identified by ``locator``.</doc>
<arguments>
<arg>id=phone</arg>
<arg>${PHONENUMBER}</arg>
</arguments>
<msg timestamp="20200123 21:43:23.709" level="INFO">Typing text 'phonenumber' into text field 'id=phone'.</msg>
<status status="PASS" starttime="20200123 21:43:23.708" endtime="20200123 21:43:23.844"></status>
</kw>
<kw name="Sleep" library="BuiltIn">
<doc>Pauses the test executed for the given time.</doc>
<arguments>
<arg>2s</arg>
</arguments>
<msg timestamp="20200123 21:43:25.846" level="INFO">Slept 2 seconds</msg>
<status status="PASS" starttime="20200123 21:43:23.845" endtime="20200123 21:43:25.846"></status>
</kw>
<kw name="Click Button" library="SeleniumLibrary">
<doc>Clicks button identified by ``locator``.</doc>
<arguments>
<arg>${REGISTER}</arg>
</arguments>
<msg timestamp="20200123 21:43:25.847" level="INFO">Clicking button 'css=body &gt; section &gt; form &gt; input[type=submit]:nth-child(11)'.</msg>
<status status="PASS" starttime="20200123 21:43:25.847" endtime="20200123 21:43:26.312"></status>
</kw>
<kw name="Sleep" library="BuiltIn">
<doc>Pauses the test executed for the given time.</doc>
<arguments>
<arg>2s</arg>
</arguments>
<msg timestamp="20200123 21:43:28.319" level="INFO">Slept 2 seconds</msg>
<status status="PASS" starttime="20200123 21:43:26.319" endtime="20200123 21:43:28.319"></status>
</kw>
<kw name="End Web Test" library="Common" type="teardown">
<kw name="Close All Browsers" library="SeleniumLibrary">
<doc>Closes all open browsers and resets the browser cache.</doc>
<status status="PASS" starttime="20200123 21:43:28.320" endtime="20200123 21:43:30.747"></status>
</kw>
<status status="PASS" starttime="20200123 21:43:28.320" endtime="20200123 21:43:30.747"></status>
</kw>
<doc>testing that user should be able to register as user</doc>
<tags>
<tag>Test3</tag>
</tags>
<status status="PASS" starttime="20200123 21:43:15.405" endtime="20200123 21:43:30.748" critical="yes"></status>
</test>
<test id="s1-t4" name="Should be able to go to signin page">
<kw name="Begin Web Test" library="Common" type="setup">
<kw name="Open Browser" library="SeleniumLibrary">
<doc>Opens a new browser instance to the given ``url``.</doc>
<arguments>
<arg>about:blank</arg>
<arg>${BROWSER}</arg>
</arguments>
<msg timestamp="20200123 21:43:30.752" level="INFO">Opening browser 'Chrome' to base url 'about:blank'.</msg>
<status status="PASS" starttime="20200123 21:43:30.752" endtime="20200123 21:43:33.239"></status>
</kw>
<kw name="Maximize Browser Window" library="SeleniumLibrary">
<doc>Maximizes current browser window.</doc>
<status status="PASS" starttime="20200123 21:43:33.239" endtime="20200123 21:43:34.368"></status>
</kw>
<status status="PASS" starttime="20200123 21:43:30.751" endtime="20200123 21:43:34.368"></status>
</kw>
<kw name="Go to LandingPage" library="DemoApp">
<kw name="Navigate to" library="LandingPage">
<kw name="Go To" library="SeleniumLibrary">
<doc>Navigates the active browser instance to the provided ``url``.</doc>
<arguments>
<arg>${URL}</arg>
</arguments>
<msg timestamp="20200123 21:43:34.370" level="INFO">Opening url 'http://localhost:8080/'</msg>
<status status="PASS" starttime="20200123 21:43:34.370" endtime="20200123 21:43:34.854"></status>
</kw>
<status status="PASS" starttime="20200123 21:43:34.370" endtime="20200123 21:43:34.854"></status>
</kw>
<kw name="Verify Page loaded" library="LandingPage">
<kw name="Wait Until Page Contains Element" library="SeleniumLibrary">
<doc>Waits until element ``locator`` appears on current page.</doc>
<arguments>
<arg>${LANDINGPAGE_DEMOLINK}</arg>
</arguments>
<status status="PASS" starttime="20200123 21:43:34.856" endtime="20200123 21:43:34.889"></status>
</kw>
<status status="PASS" starttime="20200123 21:43:34.855" endtime="20200123 21:43:34.889"></status>
</kw>
<status status="PASS" starttime="20200123 21:43:34.369" endtime="20200123 21:43:34.889"></status>
</kw>
<kw name="Go to LogIn" library="DemoApp">
<kw name="Go to LogIn" library="LogIn">
<kw name="Wait Until Page Contains Element" library="SeleniumLibrary">
<doc>Waits until element ``locator`` appears on current page.</doc>
<arguments>
<arg>${SIGNIN_LINK}</arg>
</arguments>
<status status="PASS" starttime="20200123 21:43:34.891" endtime="20200123 21:43:34.917"></status>
</kw>
<kw name="Click Element" library="SeleniumLibrary">
<doc>Click element identified by ``locator``.</doc>
<arguments>
<arg>${SIGNIN_LINK}</arg>
</arguments>
<msg timestamp="20200123 21:43:34.918" level="INFO">Clicking element 'css=body &gt; nav &gt; ul &gt; li:nth-child(2) &gt; a'.</msg>
<status status="PASS" starttime="20200123 21:43:34.917" endtime="20200123 21:43:35.418"></status>
</kw>
<kw name="Sleep" library="BuiltIn">
<doc>Pauses the test executed for the given time.</doc>
<arguments>
<arg>3s</arg>
</arguments>
<msg timestamp="20200123 21:43:38.420" level="INFO">Slept 3 seconds</msg>
<status status="PASS" starttime="20200123 21:43:35.418" endtime="20200123 21:43:38.420"></status>
</kw>
<status status="PASS" starttime="20200123 21:43:34.891" endtime="20200123 21:43:38.420"></status>
</kw>
<kw name="Verify Page loaded" library="Register">
<kw name="Wait Until Page Contains Element" library="SeleniumLibrary">
<doc>Waits until element ``locator`` appears on current page.</doc>
<arguments>
<arg>${REGISTER_H1}</arg>
</arguments>
<status status="PASS" starttime="20200123 21:43:38.421" endtime="20200123 21:43:38.441"></status>
</kw>
<status status="PASS" starttime="20200123 21:43:38.421" endtime="20200123 21:43:38.441"></status>
</kw>
<status status="PASS" starttime="20200123 21:43:34.890" endtime="20200123 21:43:38.442"></status>
</kw>
<kw name="Validate LogIn" library="DemoApp">
<kw name="Validate Page Contents" library="LogIn">
<kw name="Element Text Should Be" library="SeleniumLibrary">
<doc>Verifies that element ``locator`` contains exact text ``expected``.</doc>
<arguments>
<arg>${SIGNIN_H1}</arg>
<arg>Log In</arg>
</arguments>
<msg timestamp="20200123 21:43:38.443" level="INFO">Verifying element 'css=body &gt; section &gt; header &gt; h1' contains exact text 'Log In'.</msg>
<status status="PASS" starttime="20200123 21:43:38.443" endtime="20200123 21:43:38.478"></status>
</kw>
<status status="PASS" starttime="20200123 21:43:38.443" endtime="20200123 21:43:38.478"></status>
</kw>
<status status="PASS" starttime="20200123 21:43:38.442" endtime="20200123 21:43:38.479"></status>
</kw>
<kw name="Sleep" library="BuiltIn">
<doc>Pauses the test executed for the given time.</doc>
<arguments>
<arg>2s</arg>
</arguments>
<msg timestamp="20200123 21:43:40.480" level="INFO">Slept 2 seconds</msg>
<status status="PASS" starttime="20200123 21:43:38.479" endtime="20200123 21:43:40.480"></status>
</kw>
<kw name="End Web Test" library="Common" type="teardown">
<kw name="Close All Browsers" library="SeleniumLibrary">
<doc>Closes all open browsers and resets the browser cache.</doc>
<status status="PASS" starttime="20200123 21:43:40.482" endtime="20200123 21:43:43.001"></status>
</kw>
<status status="PASS" starttime="20200123 21:43:40.481" endtime="20200123 21:43:43.001"></status>
</kw>
<doc>testing that user should be able to go to sign in page</doc>
<tags>
<tag>Test4</tag>
</tags>
<status status="PASS" starttime="20200123 21:43:30.750" endtime="20200123 21:43:43.002" critical="yes"></status>
</test>
<test id="s1-t5" name="Should be able to signin">
<kw name="Begin Web Test" library="Common" type="setup">
<kw name="Open Browser" library="SeleniumLibrary">
<doc>Opens a new browser instance to the given ``url``.</doc>
<arguments>
<arg>about:blank</arg>
<arg>${BROWSER}</arg>
</arguments>
<msg timestamp="20200123 21:43:43.006" level="INFO">Opening browser 'Chrome' to base url 'about:blank'.</msg>
<status status="PASS" starttime="20200123 21:43:43.006" endtime="20200123 21:43:45.541"></status>
</kw>
<kw name="Maximize Browser Window" library="SeleniumLibrary">
<doc>Maximizes current browser window.</doc>
<status status="PASS" starttime="20200123 21:43:45.541" endtime="20200123 21:43:46.670"></status>
</kw>
<status status="PASS" starttime="20200123 21:43:43.005" endtime="20200123 21:43:46.670"></status>
</kw>
<kw name="Go to LandingPage" library="DemoApp">
<kw name="Navigate to" library="LandingPage">
<kw name="Go To" library="SeleniumLibrary">
<doc>Navigates the active browser instance to the provided ``url``.</doc>
<arguments>
<arg>${URL}</arg>
</arguments>
<msg timestamp="20200123 21:43:46.672" level="INFO">Opening url 'http://localhost:8080/'</msg>
<status status="PASS" starttime="20200123 21:43:46.672" endtime="20200123 21:43:47.205"></status>
</kw>
<status status="PASS" starttime="20200123 21:43:46.671" endtime="20200123 21:43:47.205"></status>
</kw>
<kw name="Verify Page loaded" library="LandingPage">
<kw name="Wait Until Page Contains Element" library="SeleniumLibrary">
<doc>Waits until element ``locator`` appears on current page.</doc>
<arguments>
<arg>${LANDINGPAGE_DEMOLINK}</arg>
</arguments>
<status status="PASS" starttime="20200123 21:43:47.207" endtime="20200123 21:43:47.239"></status>
</kw>
<status status="PASS" starttime="20200123 21:43:47.206" endtime="20200123 21:43:47.239"></status>
</kw>
<status status="PASS" starttime="20200123 21:43:46.671" endtime="20200123 21:43:47.239"></status>
</kw>
<kw name="Go to LogIn" library="DemoApp">
<kw name="Go to LogIn" library="LogIn">
<kw name="Wait Until Page Contains Element" library="SeleniumLibrary">
<doc>Waits until element ``locator`` appears on current page.</doc>
<arguments>
<arg>${SIGNIN_LINK}</arg>
</arguments>
<status status="PASS" starttime="20200123 21:43:47.241" endtime="20200123 21:43:47.275"></status>
</kw>
<kw name="Click Element" library="SeleniumLibrary">
<doc>Click element identified by ``locator``.</doc>
<arguments>
<arg>${SIGNIN_LINK}</arg>
</arguments>
<msg timestamp="20200123 21:43:47.276" level="INFO">Clicking element 'css=body &gt; nav &gt; ul &gt; li:nth-child(2) &gt; a'.</msg>
<status status="PASS" starttime="20200123 21:43:47.275" endtime="20200123 21:43:47.742"></status>
</kw>
<kw name="Sleep" library="BuiltIn">
<doc>Pauses the test executed for the given time.</doc>
<arguments>
<arg>3s</arg>
</arguments>
<msg timestamp="20200123 21:43:50.744" level="INFO">Slept 3 seconds</msg>
<status status="PASS" starttime="20200123 21:43:47.742" endtime="20200123 21:43:50.744"></status>
</kw>
<status status="PASS" starttime="20200123 21:43:47.240" endtime="20200123 21:43:50.744"></status>
</kw>
<kw name="Verify Page loaded" library="Register">
<kw name="Wait Until Page Contains Element" library="SeleniumLibrary">
<doc>Waits until element ``locator`` appears on current page.</doc>
<arguments>
<arg>${REGISTER_H1}</arg>
</arguments>
<status status="PASS" starttime="20200123 21:43:50.745" endtime="20200123 21:43:50.764"></status>
</kw>
<status status="PASS" starttime="20200123 21:43:50.744" endtime="20200123 21:43:50.765"></status>
</kw>
<status status="PASS" starttime="20200123 21:43:47.240" endtime="20200123 21:43:50.765"></status>
</kw>
<kw name="Input Text" library="SeleniumLibrary">
<doc>Types the given ``text`` into text field identified by ``locator``.</doc>
<arguments>
<arg>id=username</arg>
<arg>${USERNAME}</arg>
</arguments>
<msg timestamp="20200123 21:43:50.766" level="INFO">Typing text 'username' into text field 'id=username'.</msg>
<status status="PASS" starttime="20200123 21:43:50.766" endtime="20200123 21:43:50.937"></status>
</kw>
<kw name="Input Text" library="SeleniumLibrary">
<doc>Types the given ``text`` into text field identified by ``locator``.</doc>
<arguments>
<arg>id=password</arg>
<arg>${PASSWORD}</arg>
</arguments>
<msg timestamp="20200123 21:43:50.939" level="INFO">Typing text 'password' into text field 'id=password'.</msg>
<status status="PASS" starttime="20200123 21:43:50.938" endtime="20200123 21:43:51.114"></status>
</kw>
<kw name="Sleep" library="BuiltIn">
<doc>Pauses the test executed for the given time.</doc>
<arguments>
<arg>3s</arg>
</arguments>
<msg timestamp="20200123 21:43:54.116" level="INFO">Slept 3 seconds</msg>
<status status="PASS" starttime="20200123 21:43:51.115" endtime="20200123 21:43:54.116"></status>
</kw>
<kw name="Click Button" library="SeleniumLibrary">
<doc>Clicks button identified by ``locator``.</doc>
<arguments>
<arg>${SIGNIN}</arg>
</arguments>
<msg timestamp="20200123 21:43:54.117" level="INFO">Clicking button 'css=body &gt; section &gt; form &gt; input[type=submit]:nth-child(5)'.</msg>
<status status="PASS" starttime="20200123 21:43:54.117" endtime="20200123 21:43:54.738"></status>
</kw>
<kw name="Sleep" library="BuiltIn">
<doc>Pauses the test executed for the given time.</doc>
<arguments>
<arg>10s</arg>
</arguments>
<msg timestamp="20200123 21:44:04.742" level="INFO">Slept 10 seconds</msg>
<status status="PASS" starttime="20200123 21:43:54.741" endtime="20200123 21:44:04.742"></status>
</kw>
<kw name="End Web Test" library="Common" type="teardown">
<kw name="Close All Browsers" library="SeleniumLibrary">
<doc>Closes all open browsers and resets the browser cache.</doc>
<status status="PASS" starttime="20200123 21:44:04.743" endtime="20200123 21:44:07.177"></status>
</kw>
<status status="PASS" starttime="20200123 21:44:04.743" endtime="20200123 21:44:07.177"></status>
</kw>
<doc>testing that user should be able to sign in and see own information</doc>
<tags>
<tag>Test5</tag>
</tags>
<status status="PASS" starttime="20200123 21:43:43.004" endtime="20200123 21:44:07.179" critical="yes"></status>
</test>
<doc>This test suite test Demo projects registertation and sign in functions</doc>
<status status="PASS" starttime="20200123 21:42:52.944" endtime="20200123 21:44:07.182"></status>
</suite>
<statistics>
<total>
<stat pass="5" fail="0">Critical Tests</stat>
<stat pass="5" fail="0">All Tests</stat>
</total>
<tag>
<stat pass="1" fail="0">Test1</stat>
<stat pass="1" fail="0">Test2</stat>
<stat pass="1" fail="0">Test3</stat>
<stat pass="1" fail="0">Test4</stat>
<stat pass="1" fail="0">Test5</stat>
</tag>
<suite>
<stat pass="5" fail="0" id="s1" name="Demo">Demo</stat>
</suite>
</statistics>
<errors>
</errors>
</robot>
