<?xml version="1.0" encoding="UTF-8"?>
<robot generator="Robot 3.1.2 (Python 3.7.1 on win32)" generated="20200123 22:03:47.048" rpa="false">
<suite id="s1" name="API Tests" source="C:\development\robot-scripts\DemoTests\tests\API_Tests.robot">
<test id="s1-t1" name="Get token">
<kw name="Check Response Json" library="Api">
<kw name="curl -u">
<arguments>
<arg>${USERNAME}:${PASSWORD} http://localhost:8080/api/auth/token</arg>
</arguments>
<msg timestamp="20200123 22:03:47.802" level="FAIL">No keyword with name 'curl -u' found.</msg>
<status status="FAIL" starttime="20200123 22:03:47.801" endtime="20200123 22:03:47.802"></status>
</kw>
<status status="FAIL" starttime="20200123 22:03:47.798" endtime="20200123 22:03:47.802"></status>
</kw>
<tags>
<tag>API-test</tag>
</tags>
<status status="FAIL" starttime="20200123 22:03:47.797" endtime="20200123 22:03:47.802" critical="yes">No keyword with name 'curl -u' found.</status>
</test>
<doc>These are API test for the app</doc>
<status status="FAIL" starttime="20200123 22:03:47.052" endtime="20200123 22:03:47.805"></status>
</suite>
<statistics>
<total>
<stat pass="0" fail="1">Critical Tests</stat>
<stat pass="0" fail="1">All Tests</stat>
</total>
<tag>
<stat pass="0" fail="1">API-test</stat>
</tag>
<suite>
<stat pass="0" fail="1" id="s1" name="API Tests">API Tests</stat>
</suite>
</statistics>
<errors>
</errors>
</robot>
